<?xml version="1.0" encoding="UTF-8"?>
<!-- Generated by org.testng.reporters.JUnitXMLReporter -->
<testsuite hostname="SabaSiva" failures="1" tests="12" name="Test" time="0.103" errors="0" timestamp="7 Feb 2025 03:21:57 GMT">
  <testcase classname="junitorgexample.Sample" name="tc01" time="0.013"/>
  <testcase classname="junitorgexample.Sample" name="tc02" time="0.0"/>
  <testcase classname="junitorgexample.Sample" name="tc03" time="0.001"/>
  <testcase classname="junitorgexample.Sample" name="tc04" time="0.004">
    <skipped/>
  </testcase> <!-- tc04 -->
  <testcase classname="junitorgexample.Sample" name="tc04" time="0.0">
    <skipped/>
  </testcase> <!-- tc04 -->
  <testcase classname="junitorgexample.Sample" name="tc04" time="0.001">
    <skipped/>
  </testcase> <!-- tc04 -->
  <testcase classname="junitorgexample.Sample" name="tc04" time="0.0">
    <skipped/>
  </testcase> <!-- tc04 -->
  <testcase classname="junitorgexample.Sample" name="tc04" time="0.001">
    <skipped/>
  </testcase> <!-- tc04 -->
  <testcase classname="junitorgexample.Sample" name="tc04" time="0.053">
    <failure type="java.lang.AssertionError" message="expected [true] but found [false]">
      <![CDATA[java.lang.AssertionError: expected [true] but found [false]
	at junitorgexample.Sample.tc04(Sample.java:26)
... Removed 26 stack frames]]>
    </failure>
  </testcase> <!-- tc04 -->
  <testcase classname="junitorgexample.Sample" name="tc05" time="0.001"/>
  <testcase classname="junitorgexample.Sample" name="tc06" time="0.003"/>
  <testcase classname="junitorgexample.Sample" name="tc07" time="0.001"/>
</testsuite> <!-- Test -->
